
###########################################################
######### Loading Data
###########################################################

Parsing Data uni
READ DATA FROM CACHE
READ GROUND TRUTH DATA FROM CACHE
Parsing Data tutoring0
READ DATA FROM CACHE
READ GROUND TRUTH DATA FROM CACHE
Parsing Data uni2
READ DATA FROM CACHE
READ GROUND TRUTH DATA FROM CACHE
Parsing Data dog0
READ DATA FROM CACHE
READ GROUND TRUTH DATA FROM CACHE
Parsing Data uni3
READ DATA FROM CACHE
READ GROUND TRUTH DATA FROM CACHE
Parsing Data train0
READ DATA FROM CACHE
READ GROUND TRUTH DATA FROM CACHE
Parsing Data mb0
READ DATA FROM CACHE
READ GROUND TRUTH DATA FROM CACHE
Parsing Data uni1
READ DATA FROM CACHE
READ GROUND TRUTH DATA FROM CACHE

###########################################################
######### Hyper-Parameters
###########################################################

Sequence Length:  300
Sequence Offset:  30

###########################################################
######### Training Data
###########################################################

Training Activities:  6
['uni', 'tutoring0', 'uni2', 'dog0', 'uni3', 'train0']
Number of Testing Activities:  2
['mb0', 'uni1']

###########################################################
######### Training Sequences and Batches
###########################################################

Training Data Consists of  21022  Unique Sequences of Length  300
Testing Data Consists of   6364  Unique Sequences of Length  300

Training Batch Size:  512
Batches per Epoch:  42

###########################################################
######### Validation Data
###########################################################


Number of Validation Sequences:  2863

###########################################################
######### Model
###########################################################

_________________________________________________________________
Layer (type)                 Output Shape              Param #   
=================================================================
gru (GRU)                    (None, None, 32)          4320      
_________________________________________________________________
gru_1 (GRU)                  (None, None, 32)          6240      
_________________________________________________________________
gru_2 (GRU)                  (None, None, 32)          6240      
_________________________________________________________________
gru_3 (GRU)                  (None, None, 32)          6240      
_________________________________________________________________
gru_4 (GRU)                  (None, None, 32)          6240      
_________________________________________________________________
dense (Dense)                (None, None, 2)           66        
=================================================================
Total params: 29,346
Trainable params: 29,346
Non-trainable params: 0
_________________________________________________________________
Epoch 1/40
[2K
[2K
 - 97s - loss: 82.0150 - val_loss: 10.7753
Epoch 2/40
[2K
[2K
 - 96s - loss: 25.7124 - val_loss: 8.2682
Epoch 3/40
[2K
[2K
 - 96s - loss: 13.2875 - val_loss: 0.9414
Epoch 4/40
[2K
[2K
 - 101s - loss: 9.7754 - val_loss: 5.7548
Epoch 5/40
[2K
[2K
Epoch 00005: ReduceLROnPlateau reducing learning rate to 0.00010000000474974513.
 - 101s - loss: 9.5239 - val_loss: 4.0573
Epoch 6/40
[2K
[2K
 - 101s - loss: 4.6744 - val_loss: 0.5368
Epoch 7/40
[2K
[2K
 - 101s - loss: 1.3537 - val_loss: 0.4966
Epoch 8/40
[2K
[2K
 - 101s - loss: 1.2382 - val_loss: 0.4926
Epoch 9/40
[2K
[2K
 - 104s - loss: 1.1688 - val_loss: 0.4593
Epoch 10/40
[2K
[2K
 - 100s - loss: 1.1278 - val_loss: 0.4611
Epoch 11/40
[2K
[2K
Epoch 00011: ReduceLROnPlateau reducing learning rate to 1.0000000474974514e-05.
 - 100s - loss: 1.0878 - val_loss: 0.4751
Epoch 12/40
[2K
[2K
 - 99s - loss: 1.0585 - val_loss: 0.4497
Epoch 13/40
[2K
[2K
 - 99s - loss: 1.0507 - val_loss: 0.4429
Epoch 14/40
[2K
[2K
 - 102s - loss: 1.0472 - val_loss: 0.4427
Epoch 15/40
[2K
[2K
 - 100s - loss: 1.0425 - val_loss: 0.4418
Epoch 16/40
[2K
[2K
 - 101s - loss: 1.0403 - val_loss: 0.4424
Epoch 17/40
[2K
[2K
Epoch 00017: ReduceLROnPlateau reducing learning rate to 1.0000000656873453e-06.
 - 100s - loss: 1.0359 - val_loss: 0.4418
Epoch 18/40
[2K
[2K
 - 103s - loss: 1.0342 - val_loss: 0.4423
Epoch 19/40
[2K
[2K
Epoch 00019: ReduceLROnPlateau reducing learning rate to 1.0000001111620805e-07.
 - 101s - loss: 1.0335 - val_loss: 0.4425
Epoch 20/40
[2K
[2K
 - 102s - loss: 1.0323 - val_loss: 0.4419
Epoch 21/40
[2K
[2K
 - 98s - loss: 1.0332 - val_loss: 0.4416
Epoch 22/40
[2K
[2K
 - 100s - loss: 1.0328 - val_loss: 0.4416
Epoch 23/40
[2K
[2K
 - 100s - loss: 1.0326 - val_loss: 0.4415
Epoch 24/40
[2K
[2K
 - 99s - loss: 1.0331 - val_loss: 0.4416
Epoch 25/40
[2K
[2K
Epoch 00025: ReduceLROnPlateau reducing learning rate to 1.000000082740371e-08.
 - 100s - loss: 1.0331 - val_loss: 0.4415
Epoch 26/40
[2K
[2K
 - 99s - loss: 1.0325 - val_loss: 0.4415
Epoch 27/40
[2K
[2K
Epoch 00027: ReduceLROnPlateau reducing learning rate to 1.000000082740371e-09.
 - 97s - loss: 1.0328 - val_loss: 0.4415
Epoch 28/40
[2K
[2K
 - 98s - loss: 1.0327 - val_loss: 0.4415
Epoch 29/40
[2K
[2K
Epoch 00029: ReduceLROnPlateau reducing learning rate to 1e-09.
 - 100s - loss: 1.0328 - val_loss: 0.4415
Epoch 30/40
[2K
[2K
 - 101s - loss: 1.0329 - val_loss: 0.4415
Epoch 31/40
[2K
[2K
 - 101s - loss: 1.0331 - val_loss: 0.4415
Epoch 32/40
[2K
[2K
 - 96s - loss: 1.0330 - val_loss: 0.4415
Epoch 33/40
[2K
[2K
 - 97s - loss: 1.0327 - val_loss: 0.4415
Epoch 34/40
[2K
[2K
 - 99s - loss: 1.0325 - val_loss: 0.4415
Epoch 35/40
[2K
[2K
 - 100s - loss: 1.0324 - val_loss: 0.4415
Epoch 36/40
[2K
[2K
 - 99s - loss: 1.0327 - val_loss: 0.4415
Epoch 37/40
[2K
[2K
 - 99s - loss: 1.0327 - val_loss: 0.4415
Epoch 38/40
[2K
[2K
 - 100s - loss: 1.0324 - val_loss: 0.4415
Epoch 39/40
[2K
[2K
 - 100s - loss: 1.0325 - val_loss: 0.4415
Epoch 40/40
[2K
[2K
 - 98s - loss: 1.0329 - val_loss: 0.4415
Epoch 00040: early stopping

###########################################################
######### Testing Data
###########################################################

Test Data

1/1 [==============================] - 98s 98s/step
loss (test-set): 0.8459398150444031
Test Data

1/1 [==============================] - 129s 129s/step
loss (test-set): 1.4963364601135254
Plotting  mb0
Accuracy of GPS:  8.118735040550984
Accuracy of RNN:  15.747794374295017
Plotting  uni1
